autoscan: warning: missing AC_CHECK_FUNCS([floor]) wanted by: 
	src/fpart.c:46
	src/fpart.c:142
	src/fpart.c:281
	tests/gqr-test.c:294
autoscan: warning: missing AC_CHECK_FUNCS([pow]) wanted by: 
	src/fpart.c:56
	src/fpart.c:57
	src/fpart.c:66
	src/fpart.c:76
	src/fpart.c:79
	src/fpart.c:97
	src/fpart.c:97
	src/fpart.c:156
	src/fpart.c:157
	tests/gqr-test.c:72
	tests/gqr-test.c:73
	tests/gqr-test.c:74
autoscan: warning: missing AC_CHECK_FUNCS([sqrt]) wanted by: 
	src/korsunsky.c:26
	src/integrals.c:59
	src/integrals.c:60
	src/integrals.c:87
	src/integrals.c:115
	src/integrals.c:116
	src/integrals.c:117
	src/nsingular.c:72
	src/roots.c:80
	src/roots.c:86
	src/msingular.c:106
	src/msingular.c:116
	src/msingular.c:124
	src/ghermite.c:21
	src/ghermite.c:21
	src/ghermite.c:23
	src/ghermite.c:23
	src/ghermite.c:25
	src/ghermite.c:25
	src/ghermite.c:41
	src/ghermite.c:41
	src/ghermite.c:44
	src/ghermite.c:45
	src/ghermite.c:46
	src/ghermite.c:47
	tests/gqr-test.c:21
	tests/gqr-test.c:21
	tests/gqr-test.c:23
	tests/gqr-test.c:23
	tests/gqr-test.c:25
	tests/gqr-test.c:25
autoscan: warning: missing AC_PROG_RANLIB wanted by: 
	ltmain.sh:6809
